TN:
SF:src/components/common/employee-form/HubEmployeeForm.js
FN:23,<static_initializer>
FN:46,HubEmployeeForm
FN:64,firstUpdated
FN:73,_handleValueChanged
FN:82,_validateField
FN:95,_validateForm
FN:105,_handleSubmit
FN:123,get title
FN:127,get buttonText
FN:131,render
FNF:10
FNH:10
FNDA:1,<static_initializer>
FNDA:8,HubEmployeeForm
FNDA:8,firstUpdated
FNDA:2,_handleValueChanged
FNDA:3,_validateField
FNDA:4,_validateForm
FNDA:2,_handleSubmit
FNDA:22,get title
FNDA:22,get buttonText
FNDA:22,render
DA:1,1
DA:2,1
DA:3,1
DA:4,1
DA:5,1
DA:6,1
DA:7,1
DA:8,1
DA:9,1
DA:10,1
DA:11,1
DA:12,1
DA:13,1
DA:14,1
DA:15,1
DA:16,1
DA:17,1
DA:18,1
DA:19,1
DA:20,1
DA:21,1
DA:22,1
DA:23,1
DA:24,1
DA:25,1
DA:26,1
DA:27,1
DA:28,1
DA:29,1
DA:30,1
DA:31,1
DA:32,1
DA:33,1
DA:34,1
DA:35,1
DA:36,1
DA:37,1
DA:38,1
DA:39,1
DA:40,1
DA:41,1
DA:42,1
DA:43,1
DA:44,1
DA:45,1
DA:46,1
DA:47,8
DA:48,8
DA:49,8
DA:50,8
DA:51,8
DA:52,8
DA:53,8
DA:54,8
DA:55,8
DA:56,8
DA:57,8
DA:58,8
DA:59,8
DA:60,8
DA:61,8
DA:62,8
DA:63,1
DA:64,1
DA:65,8
DA:66,8
DA:67,8
DA:68,8
DA:69,0
DA:70,0
DA:71,8
DA:72,1
DA:73,1
DA:74,2
DA:75,2
DA:76,2
DA:77,2
DA:78,2
DA:79,2
DA:80,2
DA:81,1
DA:82,1
DA:83,3
DA:84,3
DA:85,3
DA:86,3
DA:87,3
DA:88,3
DA:89,3
DA:90,3
DA:91,3
DA:92,3
DA:93,3
DA:94,1
DA:95,1
DA:96,4
DA:97,4
DA:98,4
DA:99,2
DA:100,2
DA:101,4
DA:102,4
DA:103,4
DA:104,1
DA:105,1
DA:106,2
DA:107,2
DA:108,2
DA:109,2
DA:110,2
DA:111,1
DA:112,1
DA:113,1
DA:114,1
DA:115,1
DA:116,1
DA:117,1
DA:118,1
DA:119,1
DA:120,1
DA:121,2
DA:122,1
DA:123,1
DA:124,22
DA:125,22
DA:126,1
DA:127,1
DA:128,22
DA:129,22
DA:130,1
DA:131,1
DA:132,22
DA:133,22
DA:134,22
DA:135,22
DA:136,22
DA:137,22
DA:138,22
DA:139,22
DA:140,22
DA:141,22
DA:142,22
DA:143,22
DA:144,22
DA:145,22
DA:146,22
DA:147,22
DA:148,22
DA:149,22
DA:150,22
DA:151,22
DA:152,22
DA:153,22
DA:154,22
DA:155,22
DA:156,22
DA:157,22
DA:158,22
DA:159,22
DA:160,22
DA:161,22
DA:162,22
DA:163,22
DA:164,22
DA:165,22
DA:166,22
DA:167,22
DA:168,22
DA:169,22
DA:170,22
DA:171,22
DA:172,22
DA:173,22
DA:174,22
DA:175,22
DA:176,22
DA:177,22
DA:178,22
DA:179,22
DA:180,22
DA:181,22
DA:182,22
DA:183,22
DA:184,22
DA:185,22
DA:186,22
DA:187,22
DA:188,22
DA:189,22
DA:190,22
DA:191,22
DA:192,22
DA:193,22
DA:194,22
DA:195,22
DA:196,22
DA:197,22
DA:198,22
DA:199,22
DA:200,22
DA:201,22
DA:202,22
DA:203,22
DA:204,22
DA:205,22
DA:206,22
DA:207,22
DA:208,22
DA:209,22
DA:210,22
DA:211,22
DA:212,22
DA:213,22
DA:214,22
DA:215,22
DA:216,22
DA:217,22
DA:218,1
DA:219,1
DA:220,1
DA:221,1
DA:222,1
DA:223,1
DA:224,1
DA:225,1
DA:226,1
DA:227,1
DA:228,1
DA:229,1
DA:230,1
DA:231,1
DA:232,1
DA:233,1
DA:234,1
DA:235,1
DA:236,1
DA:237,1
DA:238,1
DA:239,1
DA:240,1
DA:241,1
DA:242,1
DA:243,1
DA:244,1
DA:245,1
DA:246,1
DA:247,1
DA:248,1
DA:249,1
DA:250,1
LF:250
LH:248
BRDA:2,0,0,1
BRDA:3,1,0,0
BRDA:23,2,0,1
BRDA:46,3,0,8
BRDA:64,4,0,8
BRDA:68,5,0,0
BRDA:73,6,0,2
BRDA:82,7,0,3
BRDA:95,8,0,4
BRDA:98,9,0,2
BRDA:105,10,0,2
BRDA:110,11,0,1
BRDA:123,12,0,22
BRDA:124,13,0,0
BRDA:127,14,0,22
BRDA:128,15,0,0
BRDA:131,16,0,22
BRDA:141,17,0,1
BRDA:192,18,0,1
BRF:19
BRH:15
end_of_record
TN:
SF:src/components/common/navbar/HubNavbar.js
FN:8,<static_initializer>
FN:13,<instance_members_initializer>
FN:26,HubNavbar
FN:32,toggleMobileMenu
FN:36,render
FNF:5
FNH:4
FNDA:1,<static_initializer>
FNDA:4,<instance_members_initializer>
FNDA:4,HubNavbar
FNDA:0,toggleMobileMenu
FNDA:4,render
DA:1,1
DA:2,1
DA:3,1
DA:4,1
DA:5,1
DA:6,1
DA:7,1
DA:8,1
DA:9,1
DA:10,1
DA:11,1
DA:12,1
DA:13,1
DA:14,4
DA:15,4
DA:16,4
DA:17,4
DA:18,4
DA:19,4
DA:20,4
DA:21,4
DA:22,4
DA:23,4
DA:24,1
DA:25,1
DA:26,1
DA:27,4
DA:28,4
DA:29,4
DA:30,4
DA:31,1
DA:32,1
DA:33,0
DA:34,0
DA:35,1
DA:36,1
DA:37,4
DA:38,4
DA:39,4
DA:40,4
DA:41,4
DA:42,4
DA:43,4
DA:44,4
DA:45,4
DA:46,4
DA:47,4
DA:48,4
DA:49,4
DA:50,4
DA:51,4
DA:52,4
DA:53,4
DA:54,4
DA:55,4
DA:56,8
DA:57,8
DA:58,8
DA:59,4
DA:60,4
DA:61,4
DA:62,4
DA:63,1
DA:64,1
DA:65,1
DA:66,1
DA:67,1
DA:68,1
DA:69,1
DA:70,1
DA:71,1
DA:72,1
DA:73,1
DA:74,1
DA:75,1
DA:76,1
DA:77,1
DA:78,1
DA:79,1
DA:80,1
DA:81,1
DA:82,1
DA:83,1
DA:84,1
DA:85,1
DA:86,1
DA:87,1
DA:88,1
DA:89,1
DA:90,1
DA:91,1
DA:92,1
DA:93,1
DA:94,1
DA:95,1
DA:96,1
DA:97,1
DA:98,1
DA:99,1
DA:100,1
DA:101,1
DA:102,1
DA:103,1
DA:104,1
DA:105,1
DA:106,1
DA:107,1
DA:108,1
DA:109,1
DA:110,1
DA:111,1
DA:112,1
DA:113,1
DA:114,1
DA:115,1
DA:116,1
DA:117,1
DA:118,1
DA:119,1
DA:120,1
DA:121,1
DA:122,1
DA:123,1
DA:124,1
DA:125,1
DA:126,1
DA:127,1
DA:128,1
DA:129,1
DA:130,1
DA:131,1
DA:132,1
DA:133,1
DA:134,1
DA:135,1
DA:136,1
DA:137,1
DA:138,1
DA:139,1
DA:140,1
DA:141,1
DA:142,1
DA:143,1
DA:144,1
DA:145,1
DA:146,1
DA:147,1
DA:148,1
DA:149,1
DA:150,1
DA:151,1
DA:152,1
DA:153,1
DA:154,1
DA:155,1
DA:156,1
DA:157,1
DA:158,1
DA:159,1
DA:160,1
LF:160
LH:158
BRDA:2,0,0,1
BRDA:3,1,0,0
BRDA:8,2,0,1
BRDA:13,3,0,4
BRDA:26,4,0,4
BRDA:36,5,0,4
BRDA:50,6,0,0
BRDA:53,7,0,0
BRDA:55,8,0,8
BRF:9
BRH:6
end_of_record
TN:
SF:src/components/ui/button/HubButton.js
FN:9,<static_initializer>
FN:21,HubButton
FN:30,_handleClick
FN:51,render
FNF:4
FNH:4
FNDA:1,<static_initializer>
FNDA:6,HubButton
FNDA:1,_handleClick
FNDA:6,render
DA:1,1
DA:2,1
DA:3,1
DA:4,1
DA:5,1
DA:6,1
DA:7,1
DA:8,1
DA:9,1
DA:10,1
DA:11,1
DA:12,1
DA:13,1
DA:14,1
DA:15,1
DA:16,1
DA:17,1
DA:18,1
DA:19,1
DA:20,1
DA:21,1
DA:22,6
DA:23,6
DA:24,6
DA:25,6
DA:26,6
DA:27,6
DA:28,6
DA:29,1
DA:30,1
DA:31,1
DA:32,0
DA:33,0
DA:34,0
DA:35,1
DA:36,1
DA:37,0
DA:38,0
DA:39,0
DA:40,0
DA:41,0
DA:42,1
DA:43,1
DA:44,1
DA:45,1
DA:46,1
DA:47,1
DA:48,1
DA:49,1
DA:50,1
DA:51,1
DA:52,6
DA:53,6
DA:54,6
DA:55,6
DA:56,6
DA:57,6
DA:58,6
DA:59,6
DA:60,6
DA:61,6
DA:62,6
DA:63,6
DA:64,6
DA:65,6
DA:66,6
DA:67,1
DA:68,1
DA:69,1
DA:70,1
DA:71,1
DA:72,1
DA:73,1
DA:74,1
DA:75,1
DA:76,1
DA:77,1
DA:78,1
DA:79,1
DA:80,1
DA:81,1
DA:82,1
DA:83,1
DA:84,1
DA:85,1
DA:86,1
DA:87,1
DA:88,1
DA:89,1
DA:90,1
DA:91,1
DA:92,1
DA:93,1
DA:94,1
DA:95,1
DA:96,1
DA:97,1
DA:98,1
DA:99,1
DA:100,1
DA:101,1
DA:102,1
DA:103,1
DA:104,1
DA:105,1
DA:106,1
DA:107,1
DA:108,1
DA:109,1
DA:110,1
DA:111,1
DA:112,1
DA:113,1
DA:114,1
DA:115,1
DA:116,1
DA:117,1
DA:118,1
DA:119,1
LF:119
LH:111
BRDA:2,0,0,1
BRDA:3,1,0,0
BRDA:9,2,0,1
BRDA:21,3,0,6
BRDA:30,4,0,1
BRDA:31,5,0,0
BRDA:36,6,0,0
BRDA:51,7,0,6
BRDA:53,8,0,5
BRDA:53,9,0,1
BRDA:53,10,0,5
BRF:11
BRH:8
end_of_record
TN:
SF:src/components/ui/container/HubContainer.js
FN:8,render
FN:12,<static_initializer>
FNF:2
FNH:2
FNDA:2,render
FNDA:1,<static_initializer>
DA:1,1
DA:2,1
DA:3,1
DA:4,1
DA:5,1
DA:6,1
DA:7,1
DA:8,1
DA:9,2
DA:10,2
DA:11,1
DA:12,1
DA:13,1
DA:14,1
DA:15,1
DA:16,1
DA:17,1
DA:18,1
DA:19,1
DA:20,1
DA:21,1
DA:22,1
DA:23,1
DA:24,1
DA:25,1
DA:26,1
DA:27,1
DA:28,1
DA:29,1
DA:30,1
DA:31,1
DA:32,1
DA:33,1
DA:34,1
DA:35,1
DA:36,1
DA:37,1
DA:38,1
DA:39,1
DA:40,1
DA:41,1
DA:42,1
DA:43,1
DA:44,1
DA:45,1
DA:46,1
DA:47,1
DA:48,1
DA:49,1
DA:50,1
LF:50
LH:50
BRDA:2,0,0,1
BRDA:3,1,0,0
BRDA:8,2,0,2
BRDA:12,3,0,1
BRF:4
BRH:3
end_of_record
TN:
SF:src/components/ui/form-field/HubFormField.js
FN:8,<static_initializer>
FN:13,HubFormField
FN:33,render
FNF:3
FNH:3
FNDA:1,<static_initializer>
FNDA:5,HubFormField
FNDA:7,render
DA:1,1
DA:2,1
DA:3,1
DA:4,1
DA:5,1
DA:6,1
DA:7,1
DA:8,1
DA:9,1
DA:10,1
DA:11,1
DA:12,1
DA:13,1
DA:14,5
DA:15,5
DA:16,5
DA:17,5
DA:18,1
DA:19,1
DA:20,1
DA:21,1
DA:22,1
DA:23,1
DA:24,1
DA:25,1
DA:26,1
DA:27,1
DA:28,1
DA:29,1
DA:30,1
DA:31,1
DA:32,1
DA:33,1
DA:34,7
DA:35,7
DA:36,7
DA:37,7
DA:38,7
DA:39,7
DA:40,7
DA:41,7
DA:42,7
DA:43,7
DA:44,1
DA:45,1
DA:46,1
LF:46
LH:46
BRDA:2,0,0,1
BRDA:3,1,0,0
BRDA:8,2,0,1
BRDA:13,3,0,5
BRDA:33,4,0,7
BRDA:41,5,0,1
BRDA:41,6,0,6
BRF:7
BRH:6
end_of_record
TN:
SF:src/components/ui/input/HubInput.js
FN:8,<static_initializer>
FN:16,HubInput
FN:26,_handleInput
FN:37,render
FNF:4
FNH:4
FNDA:1,<static_initializer>
FNDA:4,HubInput
FNDA:2,_handleInput
FNDA:6,render
DA:1,1
DA:2,1
DA:3,1
DA:4,1
DA:5,1
DA:6,1
DA:7,1
DA:8,1
DA:9,1
DA:10,1
DA:11,1
DA:12,1
DA:13,1
DA:14,1
DA:15,1
DA:16,1
DA:17,4
DA:18,4
DA:19,4
DA:20,4
DA:21,4
DA:22,4
DA:23,4
DA:24,4
DA:25,1
DA:26,1
DA:27,2
DA:28,2
DA:29,2
DA:30,2
DA:31,2
DA:32,2
DA:33,2
DA:34,2
DA:35,2
DA:36,1
DA:37,1
DA:38,6
DA:39,6
DA:40,6
DA:41,6
DA:42,6
DA:43,6
DA:44,6
DA:45,6
DA:46,1
DA:47,1
DA:48,1
DA:49,1
DA:50,1
DA:51,1
DA:52,1
DA:53,1
DA:54,1
DA:55,1
DA:56,1
DA:57,1
DA:58,1
DA:59,1
DA:60,1
DA:61,1
DA:62,1
DA:63,1
DA:64,1
DA:65,1
DA:66,1
DA:67,1
DA:68,1
DA:69,1
DA:70,1
DA:71,1
LF:71
LH:71
BRDA:2,0,0,1
BRDA:3,1,0,0
BRDA:8,2,0,1
BRDA:16,3,0,4
BRDA:26,4,0,2
BRDA:37,5,0,6
BRF:6
BRH:5
end_of_record
TN:
SF:src/components/ui/pagination/HubPagination.js
FN:8,<static_initializer>
FN:35,HubPagination
FN:44,_handlePageChange
FN:65,_getVisiblePageNumbers
FN:83,render
FNF:5
FNH:5
FNDA:1,<static_initializer>
FNDA:9,HubPagination
FNDA:1,_handlePageChange
FNDA:9,_getVisiblePageNumbers
FNDA:10,render
DA:1,1
DA:2,1
DA:3,1
DA:4,1
DA:5,1
DA:6,1
DA:7,1
DA:8,1
DA:9,1
DA:10,1
DA:11,1
DA:12,1
DA:13,1
DA:14,1
DA:15,1
DA:16,1
DA:17,1
DA:18,1
DA:19,1
DA:20,1
DA:21,1
DA:22,1
DA:23,1
DA:24,1
DA:25,1
DA:26,1
DA:27,1
DA:28,1
DA:29,1
DA:30,1
DA:31,1
DA:32,1
DA:33,1
DA:34,1
DA:35,1
DA:36,9
DA:37,9
DA:38,9
DA:39,9
DA:40,9
DA:41,9
DA:42,9
DA:43,1
DA:44,1
DA:45,1
DA:46,1
DA:47,1
DA:48,1
DA:49,1
DA:50,1
DA:51,0
DA:52,0
DA:53,1
DA:54,1
DA:55,1
DA:56,1
DA:57,1
DA:58,1
DA:59,1
DA:60,1
DA:61,1
DA:62,1
DA:63,1
DA:64,1
DA:65,1
DA:66,9
DA:67,9
DA:68,9
DA:69,9
DA:70,9
DA:71,9
DA:72,9
DA:73,1
DA:74,1
DA:75,9
DA:76,9
DA:77,43
DA:78,43
DA:79,9
DA:80,9
DA:81,9
DA:82,1
DA:83,1
DA:84,10
DA:85,1
DA:86,1
DA:87,9
DA:88,9
DA:89,9
DA:90,9
DA:91,9
DA:92,9
DA:93,9
DA:94,10
DA:95,10
DA:96,10
DA:97,10
DA:98,8
DA:99,8
DA:100,8
DA:101,8
DA:102,8
DA:103,8
DA:104,8
DA:105,8
DA:106,8
DA:107,8
DA:108,8
DA:109,10
DA:110,10
DA:111,10
DA:112,43
DA:113,43
DA:114,43
DA:115,43
DA:116,43
DA:117,43
DA:118,43
DA:119,43
DA:120,43
DA:121,43
DA:122,43
DA:123,43
DA:124,10
DA:125,10
DA:126,10
DA:127,2
DA:128,2
DA:129,2
DA:130,2
DA:131,2
DA:132,2
DA:133,2
DA:134,2
DA:135,2
DA:136,2
DA:137,2
DA:138,10
DA:139,10
DA:140,10
DA:141,8
DA:142,8
DA:143,8
DA:144,8
DA:145,8
DA:146,8
DA:147,8
DA:148,8
DA:149,8
DA:150,8
DA:151,8
DA:152,8
DA:153,10
DA:154,10
DA:155,10
DA:156,10
DA:157,10
DA:158,1
DA:159,1
DA:160,1
DA:161,1
DA:162,1
DA:163,1
DA:164,1
DA:165,1
DA:166,1
DA:167,1
DA:168,1
DA:169,1
DA:170,1
DA:171,1
DA:172,1
DA:173,1
DA:174,1
DA:175,1
DA:176,1
DA:177,1
DA:178,1
DA:179,1
DA:180,1
DA:181,1
DA:182,1
DA:183,1
DA:184,1
DA:185,1
DA:186,1
DA:187,1
DA:188,1
DA:189,1
DA:190,1
DA:191,1
DA:192,1
DA:193,1
DA:194,1
DA:195,1
DA:196,1
DA:197,1
DA:198,1
DA:199,1
DA:200,1
DA:201,1
DA:202,1
DA:203,1
DA:204,1
DA:205,1
DA:206,1
DA:207,1
DA:208,1
DA:209,1
DA:210,1
DA:211,1
DA:212,1
DA:213,1
DA:214,1
LF:214
LH:212
BRDA:2,0,0,1
BRDA:3,1,0,0
BRDA:8,2,0,1
BRDA:35,3,0,9
BRDA:44,4,0,1
BRDA:50,5,0,0
BRDA:65,6,0,9
BRDA:72,7,0,1
BRDA:76,8,0,43
BRDA:83,9,0,10
BRDA:84,10,0,1
BRDA:87,11,0,9
BRDA:94,12,0,1
BRDA:94,13,0,8
BRDA:97,14,0,8
BRDA:101,15,0,4
BRDA:109,16,0,1
BRDA:126,17,0,2
BRDA:138,18,0,7
BRDA:140,19,0,8
BRDA:144,20,0,7
BRDA:153,21,0,1
BRDA:111,22,0,43
BRDA:115,23,0,9
BRDA:116,24,0,34
BRDA:118,25,0,1
BRF:26
BRH:24
end_of_record
TN:
SF:src/components/ui/select/HubSelect.js
FN:9,get properties
FN:22,HubSelect
FN:33,_handleSelect
FN:45,_toggleDropdown
FN:50,_handleClickOutside
FN:56,connectedCallback
FN:61,disconnectedCallback
FN:66,_getSelectedLabel
FN:74,render
FN:124,<static_initializer>
FNF:10
FNH:2
FNDA:1,get properties
FNDA:0,HubSelect
FNDA:0,_handleSelect
FNDA:0,_toggleDropdown
FNDA:0,_handleClickOutside
FNDA:0,connectedCallback
FNDA:0,disconnectedCallback
FNDA:0,_getSelectedLabel
FNDA:0,render
FNDA:1,<static_initializer>
DA:1,1
DA:2,1
DA:3,1
DA:4,1
DA:5,1
DA:6,1
DA:7,1
DA:8,1
DA:9,1
DA:10,1
DA:11,1
DA:12,1
DA:13,1
DA:14,1
DA:15,1
DA:16,1
DA:17,1
DA:18,1
DA:19,1
DA:20,1
DA:21,1
DA:22,1
DA:23,0
DA:24,0
DA:25,0
DA:26,0
DA:27,0
DA:28,0
DA:29,0
DA:30,0
DA:31,0
DA:32,1
DA:33,1
DA:34,0
DA:35,0
DA:36,0
DA:37,0
DA:38,0
DA:39,0
DA:40,0
DA:41,0
DA:42,0
DA:43,0
DA:44,1
DA:45,1
DA:46,0
DA:47,0
DA:48,0
DA:49,1
DA:50,1
DA:51,0
DA:52,0
DA:53,0
DA:54,0
DA:55,1
DA:56,1
DA:57,0
DA:58,0
DA:59,0
DA:60,1
DA:61,1
DA:62,0
DA:63,0
DA:64,0
DA:65,1
DA:66,1
DA:67,0
DA:68,0
DA:69,0
DA:70,0
DA:71,0
DA:72,0
DA:73,1
DA:74,1
DA:75,0
DA:76,0
DA:77,0
DA:78,0
DA:79,0
DA:80,0
DA:81,0
DA:82,0
DA:83,0
DA:84,0
DA:85,0
DA:86,0
DA:87,0
DA:88,0
DA:89,0
DA:90,0
DA:91,0
DA:92,0
DA:93,0
DA:94,0
DA:95,0
DA:96,0
DA:97,0
DA:98,0
DA:99,0
DA:100,0
DA:101,0
DA:102,0
DA:103,0
DA:104,0
DA:105,0
DA:106,0
DA:107,0
DA:108,0
DA:109,0
DA:110,0
DA:111,0
DA:112,0
DA:113,0
DA:114,0
DA:115,0
DA:116,0
DA:117,0
DA:118,0
DA:119,0
DA:120,0
DA:121,0
DA:122,0
DA:123,1
DA:124,1
DA:125,1
DA:126,1
DA:127,1
DA:128,1
DA:129,1
DA:130,1
DA:131,1
DA:132,1
DA:133,1
DA:134,1
DA:135,1
DA:136,1
DA:137,1
DA:138,1
DA:139,1
DA:140,1
DA:141,1
DA:142,1
DA:143,1
DA:144,1
DA:145,1
DA:146,1
DA:147,1
DA:148,1
DA:149,1
DA:150,1
DA:151,1
DA:152,1
DA:153,1
DA:154,1
DA:155,1
DA:156,1
DA:157,1
DA:158,1
DA:159,1
DA:160,1
DA:161,1
DA:162,1
DA:163,1
DA:164,1
DA:165,1
DA:166,1
DA:167,1
DA:168,1
DA:169,1
DA:170,1
DA:171,1
DA:172,1
DA:173,1
DA:174,1
DA:175,1
DA:176,1
DA:177,1
DA:178,1
DA:179,1
DA:180,1
DA:181,1
DA:182,1
DA:183,1
DA:184,1
DA:185,1
DA:186,1
DA:187,1
DA:188,1
DA:189,1
DA:190,1
DA:191,1
DA:192,1
DA:193,1
DA:194,1
DA:195,1
DA:196,1
DA:197,1
DA:198,1
DA:199,1
DA:200,1
DA:201,1
DA:202,1
DA:203,1
DA:204,1
DA:205,1
DA:206,1
DA:207,1
DA:208,1
DA:209,1
DA:210,1
DA:211,1
DA:212,1
LF:212
LH:126
BRDA:2,0,0,1
BRDA:3,1,0,0
BRDA:9,2,0,1
BRDA:124,3,0,1
BRF:4
BRH:3
end_of_record
TN:
SF:src/components/ui/spinner/HubSpinner.js
FN:8,render
FN:30,<static_initializer>
FNF:2
FNH:2
FNDA:1,render
FNDA:1,<static_initializer>
DA:1,1
DA:2,1
DA:3,1
DA:4,1
DA:5,1
DA:6,1
DA:7,1
DA:8,1
DA:9,1
DA:10,1
DA:11,1
DA:12,1
DA:13,1
DA:14,1
DA:15,1
DA:16,1
DA:17,1
DA:18,1
DA:19,1
DA:20,1
DA:21,1
DA:22,1
DA:23,1
DA:24,1
DA:25,1
DA:26,1
DA:27,1
DA:28,1
DA:29,1
DA:30,1
DA:31,1
DA:32,1
DA:33,1
DA:34,1
DA:35,1
DA:36,1
DA:37,1
DA:38,1
DA:39,1
DA:40,1
DA:41,1
DA:42,1
DA:43,1
DA:44,1
DA:45,1
DA:46,1
DA:47,1
DA:48,1
DA:49,1
DA:50,1
DA:51,1
DA:52,1
DA:53,1
DA:54,1
DA:55,1
DA:56,1
DA:57,1
DA:58,1
LF:58
LH:58
BRDA:2,0,0,1
BRDA:3,1,0,0
BRDA:8,2,0,1
BRDA:30,3,0,1
BRF:4
BRH:3
end_of_record
TN:
SF:src/components/ui/table/HubTable.js
FN:8,get properties
FN:42,HubTable
FN:49,handleSelectAll
FN:55,handleSelect
FN:61,shouldUpdate
FN:72,render
FN:124,<static_initializer>
FNF:7
FNH:5
FNDA:1,get properties
FNDA:2,HubTable
FNDA:0,handleSelectAll
FNDA:0,handleSelect
FNDA:2,shouldUpdate
FNDA:2,render
FNDA:1,<static_initializer>
DA:1,1
DA:2,1
DA:3,1
DA:4,1
DA:5,1
DA:6,1
DA:7,1
DA:8,1
DA:9,1
DA:10,1
DA:11,1
DA:12,1
DA:13,1
DA:14,1
DA:15,1
DA:16,1
DA:17,1
DA:18,1
DA:19,1
DA:20,1
DA:21,1
DA:22,1
DA:23,1
DA:24,1
DA:25,1
DA:26,1
DA:27,1
DA:28,1
DA:29,1
DA:30,1
DA:31,1
DA:32,1
DA:33,1
DA:34,1
DA:35,1
DA:36,1
DA:37,1
DA:38,1
DA:39,1
DA:40,1
DA:41,1
DA:42,1
DA:43,2
DA:44,2
DA:45,2
DA:46,2
DA:47,2
DA:48,1
DA:49,1
DA:50,0
DA:51,0
DA:52,0
DA:53,0
DA:54,1
DA:55,1
DA:56,0
DA:57,0
DA:58,0
DA:59,0
DA:60,1
DA:61,1
DA:62,2
DA:63,2
DA:64,2
DA:65,2
DA:66,2
DA:67,2
DA:68,2
DA:69,2
DA:70,2
DA:71,1
DA:72,1
DA:73,2
DA:74,2
DA:75,2
DA:76,2
DA:77,2
DA:78,2
DA:79,2
DA:80,0
DA:81,0
DA:82,0
DA:83,0
DA:84,0
DA:85,0
DA:86,0
DA:87,2
DA:88,2
DA:89,2
DA:90,2
DA:91,2
DA:92,2
DA:93,2
DA:94,1
DA:95,2
DA:96,2
DA:97,2
DA:98,0
DA:99,0
DA:100,0
DA:101,0
DA:102,0
DA:103,0
DA:104,0
DA:105,0
DA:106,2
DA:107,2
DA:108,2
DA:109,4
DA:110,4
DA:111,4
DA:112,2
DA:113,2
DA:114,1
DA:115,2
DA:116,1
DA:117,2
DA:118,2
DA:119,2
DA:120,2
DA:121,2
DA:122,2
DA:123,1
DA:124,1
DA:125,1
DA:126,1
DA:127,1
DA:128,1
DA:129,1
DA:130,1
DA:131,1
DA:132,1
DA:133,1
DA:134,1
DA:135,1
DA:136,1
DA:137,1
DA:138,1
DA:139,1
DA:140,1
DA:141,1
DA:142,1
DA:143,1
DA:144,1
DA:145,1
DA:146,1
DA:147,1
DA:148,1
DA:149,1
DA:150,1
DA:151,1
DA:152,1
DA:153,1
DA:154,1
DA:155,1
DA:156,1
DA:157,1
DA:158,1
DA:159,1
DA:160,1
DA:161,1
DA:162,1
DA:163,1
DA:164,1
DA:165,1
DA:166,1
DA:167,1
DA:168,1
DA:169,1
DA:170,1
DA:171,1
DA:172,1
DA:173,1
DA:174,1
DA:175,1
DA:176,1
DA:177,1
DA:178,1
DA:179,1
DA:180,1
DA:181,1
DA:182,1
DA:183,1
DA:184,1
DA:185,1
DA:186,1
DA:187,1
DA:188,1
DA:189,1
DA:190,1
DA:191,1
DA:192,1
DA:193,1
DA:194,1
DA:195,1
DA:196,1
DA:197,1
DA:198,1
DA:199,1
DA:200,1
DA:201,1
LF:201
LH:178
BRDA:2,0,0,1
BRDA:3,1,0,0
BRDA:8,2,0,1
BRDA:42,3,0,2
BRDA:61,4,0,2
BRDA:72,5,0,2
BRDA:79,6,0,0
BRDA:93,7,0,1
BRDA:115,8,0,1
BRDA:88,9,0,3
BRDA:94,10,0,2
BRDA:97,11,0,0
BRDA:108,12,0,4
BRDA:110,13,0,0
BRDA:124,14,0,1
BRF:15
BRH:11
end_of_record
TN:
SF:src/services/department.js
FN:8,getDepartments
FNF:1
FNH:1
FNDA:2,getDepartments
DA:1,2
DA:2,2
DA:3,2
DA:4,2
DA:5,2
DA:6,2
DA:7,2
DA:8,2
DA:9,2
DA:10,2
DA:11,2
DA:12,2
DA:13,2
DA:14,2
LF:14
LH:14
BRDA:2,0,0,2
BRDA:3,1,0,0
BRDA:8,2,0,3
BRF:3
BRH:2
end_of_record
TN:
SF:src/services/position.js
FN:8,getPositions
FNF:1
FNH:1
FNDA:2,getPositions
DA:1,2
DA:2,2
DA:3,2
DA:4,2
DA:5,2
DA:6,2
DA:7,2
DA:8,2
DA:9,2
DA:10,2
DA:11,2
DA:12,2
DA:13,2
DA:14,2
LF:14
LH:14
BRDA:2,0,0,2
BRDA:3,1,0,0
BRDA:8,2,0,3
BRF:3
BRH:2
end_of_record
TN:
SF:src/store/employee.js
FN:14,setEmployees
FN:17,addEmployee
FN:20,updateEmployee
FN:26,removeEmployee
FNF:4
FNH:4
FNDA:2,setEmployees
FNDA:2,addEmployee
FNDA:1,updateEmployee
FNDA:1,removeEmployee
DA:1,1
DA:2,1
DA:3,1
DA:4,1
DA:5,1
DA:6,1
DA:7,1
DA:8,1
DA:9,1
DA:10,1
DA:11,1
DA:12,1
DA:13,1
DA:14,1
DA:15,2
DA:16,1
DA:17,1
DA:18,2
DA:19,1
DA:20,1
DA:21,1
DA:22,1
DA:23,1
DA:24,1
DA:25,1
DA:26,1
DA:27,1
DA:28,1
DA:29,1
DA:30,1
DA:31,1
DA:32,1
DA:33,1
DA:34,1
DA:35,1
DA:36,1
DA:37,1
LF:37
LH:37
BRDA:2,0,0,1
BRDA:3,1,0,0
BRDA:14,2,0,2
BRDA:17,3,0,2
BRDA:20,4,0,1
BRDA:22,5,0,1
BRDA:26,6,0,1
BRDA:28,7,0,2
BRF:8
BRH:7
end_of_record
